Lattice Timing Report -  Setup  and Hold, Version Radiant Software (64-bit) 3.2.0.18.0

Mon May 29 02:54:09 2023

Copyright (c) 1991-1994 by NeoCAD Inc. All rights reserved.
Copyright (c) 1995 AT&T Corp.   All rights reserved.
Copyright (c) 1995-2001 Lucent Technologies Inc.  All rights reserved.
Copyright (c) 2001 Agere Systems   All rights reserved.
Copyright (c) 2002-2022 Lattice Semiconductor Corporation,  All rights reserved.

Command line:    timing -sethld -v 10 -u 10 -endpoints 10 -nperend 1 -sp High-Performance_1.2V -hsp m -pwrprd -html -rpt Ouah_impl_1.twr Ouah_impl_1.udb -gui

-----------------------------------------
Design:          ouah
Family:          iCE40UP
Device:          iCE40UP5K
Package:         SG48
Performance:     High-Performance_1.2V
Package Status:                     Preliminary    Version 1.5
*Performance Hardware Data Status :   Advanced Version 1.0
-----------------------------------------


=====================================================================
                    Table of Contents
=====================================================================
    1  DESIGN CHECKING
        1.1  SDC Constraints
        1.2  Combinational Loop
    2  CLOCK SUMMARY
    3  TIMING ANALYSIS SUMMARY
        3.1  Overall (Setup and Hold)
            3.1.1  Constraint Coverage
            3.1.2  Timing Errors
            3.1.3  Total Timing Score
        3.2  Setup Summary Report
        3.3  Hold Summary Report
        3.4  Unconstrained Report
            3.4.1  Unconstrained Start/End Points
            3.4.2  Start/End Points Without Timing Constraints
    4  DETAILED REPORT
        4.1  Setup Detailed Report
        4.2  Hold Detailed Report

=====================================================================
                    End of Table of Contents
=====================================================================

==============================================
1  DESIGN CHECKING
==============================================

1.1  SDC Constraints
=====================

Operating conditions:
--------------------
    Temperature: 100

1.2  Combinational Loop
========================
None

==============================================
2  CLOCK SUMMARY
==============================================

==============================================
3  TIMING ANALYSIS SUMMARY
==============================================

3.1  Overall (Setup and Hold)
==============================

3.1.1  Constraint Coverage
---------------------------
Constraint Coverage: 0%

3.1.2  Timing Errors
---------------------
Timing Errors: 0 endpoints (setup), 0 endpoints (hold)

3.1.3  Total Timing Score
--------------------------
Total Negative Slack: 0.000 ns (setup), 0.000 ns (hold)

3.2  Setup Summary Report
==========================

--------------------------------------------------
There is no end point satisfying reporting criteria

Total Negative Slack: 0


3.3  Hold Summary Report
=========================

--------------------------------------------------
There is no end point satisfying reporting criteria

Total Negative Slack: 0


3.4  Unconstrained Report
===========================

3.4.1  Unconstrained Start/End Points
--------------------------------------

Clocked but unconstrained timing start points
--------------------------------------------------
There is no start point satisfying reporting criteria


Clocked but unconstrained timing end points
--------------------------------------------------
There is no end point satisfying reporting criteria


3.4.2  Start/End Points Without Timing Constraints
---------------------------------------------------

I/O ports without constraint
----------------------------
Possible constraints to use on I/O ports are:
set_input_delay,
set_output_delay,
set_max_delay,
create_clock,
create_generated_clock,
...

-------------------------------------------------------------------
     Listing 10 Start or End Points     |           Type           
-------------------------------------------------------------------
dcf77                                   |                     input
pb0                                     |                     input
clk                                     |                     input
s8421[0]                                |                    output
s8421[1]                                |                    output
s8421[2]                                |                    output
s8421[3]                                |                    output
select7seg[0]                           |                    output
select7seg[1]                           |                    output
select7seg[2]                           |                    output
-------------------------------------------------------------------
                                        |                          
Number of I/O ports without constraint  |                        22
                                        |                          
-------------------------------------------------------------------

Registers without clock definition
Define the clock for these registers.
-------------------------------------------------------------------
         Listing 10 Instance(s)         |           Type           
-------------------------------------------------------------------
selector_FSM_i1                         |                  No Clock
databit                                 |                  No Clock
memreg__0__i2                           |                  No Clock
usecond_cntr_145__i1                    |                  No Clock
memreg__0__i4                           |                  No Clock
shiftreg__21_i2                         |                  No Clock
msecond_cntr_max_c                      |                  No Clock
usecond_cntr_145__i9                    |                  No Clock
start_frame                             |                  No Clock
msecond_cntr_146__i8                    |                  No Clock
-------------------------------------------------------------------
                                        |                          
Number of registers without clock defin |                          
ition                                   |                       434
                                        |                          
-------------------------------------------------------------------

==============================================
4  DETAILED REPORT
==============================================

4.1  Setup Detailed Report
===========================


XXXXXXXXXXXXXXXXXXXXXXXXXXXXXXXXXXXXXXXXXXXXXXXXXXXXXXXXXX

Detail report of critical paths

XXXXXXXXXXXXXXXXXXXXXXXXXXXXXXXXXXXXXXXXXXXXXXXXXXXXXXXXXX

+++++++++++++++++++++++++++++++++++++++++++++++++++++++++++++++++++++ 
                    Detailed Report for timing paths 
+++++++++++++++++++++++++++++++++++++++++++++++++++++++++++++++++++++ 
+++++++++++++++++++++++++++++++++++++++++++++++++++++++++++++++++++++ 
                    End of Detailed Report for timing paths 
+++++++++++++++++++++++++++++++++++++++++++++++++++++++++++++++++++++ 


##########################################################

4.2  Hold Detailed Report
==========================


XXXXXXXXXXXXXXXXXXXXXXXXXXXXXXXXXXXXXXXXXXXXXXXXXXXXXXXXXX

Detail report of critical paths

XXXXXXXXXXXXXXXXXXXXXXXXXXXXXXXXXXXXXXXXXXXXXXXXXXXXXXXXXX

+++++++++++++++++++++++++++++++++++++++++++++++++++++++++++++++++++++ 
                    Detailed Report for timing paths 
+++++++++++++++++++++++++++++++++++++++++++++++++++++++++++++++++++++ 
+++++++++++++++++++++++++++++++++++++++++++++++++++++++++++++++++++++ 
                    End of Detailed Report for timing paths 
+++++++++++++++++++++++++++++++++++++++++++++++++++++++++++++++++++++ 


##########################################################

